<?xml version="1.0" encoding="UTF-8"?>
<testsuite name="test.HumanReadableRangeBuilderTest" tests="1" skipped="0" failures="0" errors="0" timestamp="2020-02-13T14:39:29" hostname="Prathiks-MacBook-Pro.local" time="0.002">
  <properties/>
  <testcase name="toRange_singleRange_getOneRange" classname="test.HumanReadableRangeBuilderTest" time="0.002"/>
  <system-out><![CDATA[]]></system-out>
  <system-err><![CDATA[]]></system-err>
</testsuite>
